<?xml version="1.0" encoding="UTF-8"?>
<!-- Generated by org.testng.reporters.JUnitReportReporter -->
<testsuite skipped="0" hostname="DESKTOP-888A2JB" name="com.zerodha.qa.rough.exceltest" tests="1" failures="0" timestamp="2022-04-15T14:15:26 IST" time="0.959" errors="0">
  <testcase name="readData" time="0.959" classname="com.zerodha.qa.rough.exceltest"/>
</testsuite> <!-- com.zerodha.qa.rough.exceltest -->
