<?xml version="1.0" encoding="UTF-8"?>
<!-- Generated by org.testng.reporters.JUnitReportReporter -->
<testsuite skipped="0" hostname="DESKTOP-888A2JB" name="com.zerodha.qa.TestCases.LoginTest" tests="1" failures="0" timestamp="2022-04-16T09:42:43 IST" time="1.279" errors="0">
  <testcase name="ZerodhaLoginPageTest" time="1.279" classname="com.zerodha.qa.TestCases.LoginTest"/>
</testsuite> <!-- com.zerodha.qa.TestCases.LoginTest -->
